{"C:\\Users\\Stefan\\Desktop\\testingHASH\\FINAL_PROJECT2\\src\\controllers\\adress.js": {"path":"C:\\Users\\Stefan\\Desktop\\testingHASH\\FINAL_PROJECT2\\src\\controllers\\adress.js","statementMap":{"0":{"start":{"line":3,"column":21},"end":{"line":10,"column":3}},"1":{"start":{"line":4,"column":4},"end":{"line":9,"column":5}},"2":{"start":{"line":5,"column":8},"end":{"line":5,"column":56}},"3":{"start":{"line":6,"column":8},"end":{"line":6,"column":35}},"4":{"start":{"line":8,"column":8},"end":{"line":8,"column":18}},"5":{"start":{"line":12,"column":21},"end":{"line":25,"column":1}},"6":{"start":{"line":13,"column":4},"end":{"line":21,"column":5}},"7":{"start":{"line":14,"column":25},"end":{"line":15,"column":43}},"8":{"start":{"line":17,"column":8},"end":{"line":17,"column":28}},"9":{"start":{"line":20,"column":8},"end":{"line":20,"column":18}},"10":{"start":{"line":28,"column":21},"end":{"line":51,"column":3}},"11":{"start":{"line":29,"column":4},"end":{"line":50,"column":5}},"12":{"start":{"line":31,"column":21},"end":{"line":31,"column":65}},"13":{"start":{"line":33,"column":6},"end":{"line":35,"column":7}},"14":{"start":{"line":34,"column":8},"end":{"line":34,"column":46}},"15":{"start":{"line":37,"column":23},"end":{"line":44,"column":8}},"16":{"start":{"line":46,"column":6},"end":{"line":46,"column":25}},"17":{"start":{"line":48,"column":6},"end":{"line":48,"column":51}},"18":{"start":{"line":49,"column":6},"end":{"line":49,"column":16}},"19":{"start":{"line":53,"column":25},"end":{"line":65,"column":3}},"20":{"start":{"line":54,"column":4},"end":{"line":64,"column":5}},"21":{"start":{"line":55,"column":23},"end":{"line":55,"column":74}},"22":{"start":{"line":56,"column":8},"end":{"line":61,"column":9}},"23":{"start":{"line":57,"column":10},"end":{"line":57,"column":56}},"24":{"start":{"line":60,"column":10},"end":{"line":60,"column":28}},"25":{"start":{"line":63,"column":8},"end":{"line":63,"column":18}}},"fnMap":{"0":{"name":"(anonymous_0)","decl":{"start":{"line":3,"column":21},"end":{"line":3,"column":22}},"loc":{"start":{"line":3,"column":47},"end":{"line":10,"column":3}},"line":3},"1":{"name":"(anonymous_1)","decl":{"start":{"line":12,"column":21},"end":{"line":12,"column":22}},"loc":{"start":{"line":12,"column":45},"end":{"line":25,"column":1}},"line":12},"2":{"name":"(anonymous_2)","decl":{"start":{"line":28,"column":21},"end":{"line":28,"column":22}},"loc":{"start":{"line":28,"column":47},"end":{"line":51,"column":3}},"line":28},"3":{"name":"(anonymous_3)","decl":{"start":{"line":53,"column":25},"end":{"line":53,"column":26}},"loc":{"start":{"line":53,"column":51},"end":{"line":65,"column":3}},"line":53}},"branchMap":{"0":{"loc":{"start":{"line":33,"column":6},"end":{"line":35,"column":7}},"type":"if","locations":[{"start":{"line":33,"column":6},"end":{"line":35,"column":7}},{"start":{},"end":{}}],"line":33},"1":{"loc":{"start":{"line":38,"column":16},"end":{"line":38,"column":48}},"type":"binary-expr","locations":[{"start":{"line":38,"column":16},"end":{"line":38,"column":31}},{"start":{"line":38,"column":35},"end":{"line":38,"column":48}}],"line":38},"2":{"loc":{"start":{"line":39,"column":17},"end":{"line":39,"column":53}},"type":"binary-expr","locations":[{"start":{"line":39,"column":17},"end":{"line":39,"column":35}},{"start":{"line":39,"column":39},"end":{"line":39,"column":53}}],"line":39},"3":{"loc":{"start":{"line":40,"column":14},"end":{"line":40,"column":44}},"type":"binary-expr","locations":[{"start":{"line":40,"column":14},"end":{"line":40,"column":29}},{"start":{"line":40,"column":33},"end":{"line":40,"column":44}}],"line":40},"4":{"loc":{"start":{"line":41,"column":15},"end":{"line":41,"column":49}},"type":"binary-expr","locations":[{"start":{"line":41,"column":15},"end":{"line":41,"column":32}},{"start":{"line":41,"column":36},"end":{"line":41,"column":49}}],"line":41},"5":{"loc":{"start":{"line":42,"column":13},"end":{"line":42,"column":43}},"type":"binary-expr","locations":[{"start":{"line":42,"column":13},"end":{"line":42,"column":28}},{"start":{"line":42,"column":32},"end":{"line":42,"column":43}}],"line":42},"6":{"loc":{"start":{"line":43,"column":19},"end":{"line":43,"column":61}},"type":"binary-expr","locations":[{"start":{"line":43,"column":19},"end":{"line":43,"column":40}},{"start":{"line":43,"column":44},"end":{"line":43,"column":61}}],"line":43},"7":{"loc":{"start":{"line":56,"column":8},"end":{"line":61,"column":9}},"type":"if","locations":[{"start":{"line":56,"column":8},"end":{"line":61,"column":9}},{"start":{"line":59,"column":13},"end":{"line":61,"column":9}}],"line":56}},"s":{"0":1,"1":0,"2":0,"3":0,"4":0,"5":1,"6":0,"7":0,"8":0,"9":0,"10":1,"11":0,"12":0,"13":0,"14":0,"15":0,"16":0,"17":0,"18":0,"19":1,"20":0,"21":0,"22":0,"23":0,"24":0,"25":0},"f":{"0":0,"1":0,"2":0,"3":0},"b":{"0":[0,0],"1":[0,0],"2":[0,0],"3":[0,0],"4":[0,0],"5":[0,0],"6":[0,0],"7":[0,0]},"_coverageSchema":"1a1c01bbd47fc00a2c39e90264f33305004495a9","hash":"a80fcf75da8957521ee0ddad7a42925da0e76183"}
,"C:\\Users\\Stefan\\Desktop\\testingHASH\\FINAL_PROJECT2\\src\\middleware\\Adress_Middlewares\\accesWrongAdressMiddleware.js": {"path":"C:\\Users\\Stefan\\Desktop\\testingHASH\\FINAL_PROJECT2\\src\\middleware\\Adress_Middlewares\\accesWrongAdressMiddleware.js","statementMap":{"0":{"start":{"line":2,"column":15},"end":{"line":2,"column":33}},"1":{"start":{"line":8,"column":34},"end":{"line":31,"column":5}},"2":{"start":{"line":9,"column":4},"end":{"line":29,"column":5}},"3":{"start":{"line":10,"column":19},"end":{"line":15,"column":6}},"4":{"start":{"line":17,"column":4},"end":{"line":24,"column":5}},"5":{"start":{"line":18,"column":7},"end":{"line":18,"column":14}},"6":{"start":{"line":21,"column":6},"end":{"line":21,"column":62}},"7":{"start":{"line":27,"column":6},"end":{"line":27,"column":57}}},"fnMap":{"0":{"name":"(anonymous_0)","decl":{"start":{"line":8,"column":34},"end":{"line":8,"column":35}},"loc":{"start":{"line":8,"column":61},"end":{"line":31,"column":5}},"line":8}},"branchMap":{"0":{"loc":{"start":{"line":17,"column":4},"end":{"line":24,"column":5}},"type":"if","locations":[{"start":{"line":17,"column":4},"end":{"line":24,"column":5}},{"start":{"line":20,"column":9},"end":{"line":24,"column":5}}],"line":17}},"s":{"0":1,"1":1,"2":3,"3":3,"4":3,"5":1,"6":1,"7":1},"f":{"0":3},"b":{"0":[1,1]},"_coverageSchema":"1a1c01bbd47fc00a2c39e90264f33305004495a9","hash":"aef715f1f1c785388200dc735dd830099ccde114"}
,"C:\\Users\\Stefan\\Desktop\\testingHASH\\FINAL_PROJECT2\\src\\middleware\\User_Profile_Middlewares\\accesWrongUserProfile.js": {"path":"C:\\Users\\Stefan\\Desktop\\testingHASH\\FINAL_PROJECT2\\src\\middleware\\User_Profile_Middlewares\\accesWrongUserProfile.js","statementMap":{"0":{"start":{"line":2,"column":15},"end":{"line":2,"column":33}},"1":{"start":{"line":5,"column":40},"end":{"line":30,"column":1}},"2":{"start":{"line":6,"column":0},"end":{"line":28,"column":1}},"3":{"start":{"line":7,"column":20},"end":{"line":13,"column":2}},"4":{"start":{"line":15,"column":0},"end":{"line":22,"column":1}},"5":{"start":{"line":17,"column":4},"end":{"line":17,"column":11}},"6":{"start":{"line":21,"column":4},"end":{"line":21,"column":48}},"7":{"start":{"line":27,"column":3},"end":{"line":27,"column":47}}},"fnMap":{"0":{"name":"(anonymous_0)","decl":{"start":{"line":5,"column":40},"end":{"line":5,"column":41}},"loc":{"start":{"line":5,"column":67},"end":{"line":30,"column":1}},"line":5}},"branchMap":{"0":{"loc":{"start":{"line":15,"column":0},"end":{"line":22,"column":1}},"type":"if","locations":[{"start":{"line":15,"column":0},"end":{"line":22,"column":1}},{"start":{"line":20,"column":4},"end":{"line":22,"column":1}}],"line":15}},"s":{"0":3,"1":3,"2":2,"3":2,"4":2,"5":1,"6":0,"7":1},"f":{"0":2},"b":{"0":[1,0]},"_coverageSchema":"1a1c01bbd47fc00a2c39e90264f33305004495a9","hash":"fb0868f1487d882df66a9b2ae68983aa9e5c0c0e"}
,"C:\\Users\\Stefan\\Desktop\\testingHASH\\FINAL_PROJECT2\\src\\middleware\\User_Profile_Middlewares\\emailTakenMiddleware.js": {"path":"C:\\Users\\Stefan\\Desktop\\testingHASH\\FINAL_PROJECT2\\src\\middleware\\User_Profile_Middlewares\\emailTakenMiddleware.js","statementMap":{"0":{"start":{"line":2,"column":15},"end":{"line":2,"column":33}},"1":{"start":{"line":5,"column":29},"end":{"line":29,"column":5}},"2":{"start":{"line":6,"column":4},"end":{"line":27,"column":5}},"3":{"start":{"line":7,"column":24},"end":{"line":13,"column":6}},"4":{"start":{"line":15,"column":4},"end":{"line":20,"column":5}},"5":{"start":{"line":16,"column":8},"end":{"line":16,"column":54}},"6":{"start":{"line":19,"column":8},"end":{"line":19,"column":15}},"7":{"start":{"line":25,"column":6},"end":{"line":25,"column":23}},"8":{"start":{"line":26,"column":6},"end":{"line":26,"column":13}}},"fnMap":{"0":{"name":"(anonymous_0)","decl":{"start":{"line":5,"column":29},"end":{"line":5,"column":30}},"loc":{"start":{"line":5,"column":56},"end":{"line":29,"column":5}},"line":5}},"branchMap":{"0":{"loc":{"start":{"line":15,"column":4},"end":{"line":20,"column":5}},"type":"if","locations":[{"start":{"line":15,"column":4},"end":{"line":20,"column":5}},{"start":{"line":18,"column":9},"end":{"line":20,"column":5}}],"line":15}},"s":{"0":2,"1":2,"2":2,"3":2,"4":2,"5":1,"6":0,"7":1,"8":1},"f":{"0":2},"b":{"0":[1,0]},"_coverageSchema":"1a1c01bbd47fc00a2c39e90264f33305004495a9","hash":"f7573fe09a1d66a1efad2c9c871c081f23f3fd68"}
,"C:\\Users\\Stefan\\Desktop\\testingHASH\\FINAL_PROJECT2\\src\\middleware\\User_Profile_Middlewares\\mailsNotificationsMiddleware.js": {"path":"C:\\Users\\Stefan\\Desktop\\testingHASH\\FINAL_PROJECT2\\src\\middleware\\User_Profile_Middlewares\\mailsNotificationsMiddleware.js","statementMap":{"0":{"start":{"line":5,"column":36},"end":{"line":19,"column":1}},"1":{"start":{"line":6,"column":4},"end":{"line":18,"column":5}},"2":{"start":{"line":7,"column":6},"end":{"line":12,"column":7}},"3":{"start":{"line":8,"column":8},"end":{"line":8,"column":14}},"4":{"start":{"line":11,"column":8},"end":{"line":11,"column":57}},"5":{"start":{"line":17,"column":8},"end":{"line":17,"column":57}}},"fnMap":{"0":{"name":"(anonymous_0)","decl":{"start":{"line":5,"column":36},"end":{"line":5,"column":37}},"loc":{"start":{"line":5,"column":63},"end":{"line":19,"column":1}},"line":5}},"branchMap":{"0":{"loc":{"start":{"line":7,"column":6},"end":{"line":12,"column":7}},"type":"if","locations":[{"start":{"line":7,"column":6},"end":{"line":12,"column":7}},{"start":{"line":10,"column":11},"end":{"line":12,"column":7}}],"line":7},"1":{"loc":{"start":{"line":7,"column":9},"end":{"line":7,"column":80}},"type":"binary-expr","locations":[{"start":{"line":7,"column":9},"end":{"line":7,"column":42}},{"start":{"line":7,"column":46},"end":{"line":7,"column":80}}],"line":7}},"s":{"0":1,"1":2,"2":2,"3":1,"4":1,"5":0},"f":{"0":2},"b":{"0":[1,1],"1":[2,1]},"_coverageSchema":"1a1c01bbd47fc00a2c39e90264f33305004495a9","hash":"6818279c6b89874f28137ec084fee1ad53f1b53c"}
,"C:\\Users\\Stefan\\Desktop\\testingHASH\\FINAL_PROJECT2\\src\\services\\adress.js": {"path":"C:\\Users\\Stefan\\Desktop\\testingHASH\\FINAL_PROJECT2\\src\\services\\adress.js","statementMap":{"0":{"start":{"line":2,"column":15},"end":{"line":2,"column":33}},"1":{"start":{"line":5,"column":17},"end":{"line":12,"column":3}},"2":{"start":{"line":6,"column":19},"end":{"line":10,"column":6}},"3":{"start":{"line":11,"column":4},"end":{"line":11,"column":18}},"4":{"start":{"line":15,"column":24},"end":{"line":22,"column":3}},"5":{"start":{"line":16,"column":19},"end":{"line":20,"column":6}},"6":{"start":{"line":21,"column":4},"end":{"line":21,"column":18}},"7":{"start":{"line":24,"column":20},"end":{"line":36,"column":1}},"8":{"start":{"line":25,"column":17},"end":{"line":34,"column":6}},"9":{"start":{"line":35,"column":8},"end":{"line":35,"column":22}},"10":{"start":{"line":40,"column":21},"end":{"line":48,"column":3}},"11":{"start":{"line":41,"column":19},"end":{"line":46,"column":6}},"12":{"start":{"line":47,"column":4},"end":{"line":47,"column":18}},"13":{"start":{"line":50,"column":23},"end":{"line":57,"column":3}},"14":{"start":{"line":51,"column":19},"end":{"line":55,"column":6}},"15":{"start":{"line":56,"column":4},"end":{"line":56,"column":18}}},"fnMap":{"0":{"name":"(anonymous_0)","decl":{"start":{"line":5,"column":17},"end":{"line":5,"column":18}},"loc":{"start":{"line":5,"column":31},"end":{"line":12,"column":3}},"line":5},"1":{"name":"(anonymous_1)","decl":{"start":{"line":15,"column":24},"end":{"line":15,"column":25}},"loc":{"start":{"line":15,"column":38},"end":{"line":22,"column":3}},"line":15},"2":{"name":"(anonymous_2)","decl":{"start":{"line":24,"column":20},"end":{"line":24,"column":21}},"loc":{"start":{"line":24,"column":78},"end":{"line":36,"column":1}},"line":24},"3":{"name":"(anonymous_3)","decl":{"start":{"line":40,"column":21},"end":{"line":40,"column":22}},"loc":{"start":{"line":40,"column":47},"end":{"line":48,"column":3}},"line":40},"4":{"name":"(anonymous_4)","decl":{"start":{"line":50,"column":23},"end":{"line":50,"column":24}},"loc":{"start":{"line":50,"column":37},"end":{"line":57,"column":3}},"line":50}},"branchMap":{},"s":{"0":4,"1":4,"2":2,"3":2,"4":4,"5":1,"6":1,"7":4,"8":7,"9":7,"10":4,"11":1,"12":1,"13":4,"14":7,"15":7},"f":{"0":2,"1":1,"2":7,"3":1,"4":7},"b":{},"_coverageSchema":"1a1c01bbd47fc00a2c39e90264f33305004495a9","hash":"d9b621cebc8d061c82b1c82949363f7d772f171a"}
,"C:\\Users\\Stefan\\Desktop\\testingHASH\\FINAL_PROJECT2\\src\\services\\item.js": {"path":"C:\\Users\\Stefan\\Desktop\\testingHASH\\FINAL_PROJECT2\\src\\services\\item.js","statementMap":{"0":{"start":{"line":2,"column":15},"end":{"line":2,"column":33}},"1":{"start":{"line":5,"column":19},"end":{"line":12,"column":1}},"2":{"start":{"line":6,"column":15},"end":{"line":10,"column":4}},"3":{"start":{"line":11,"column":2},"end":{"line":11,"column":14}},"4":{"start":{"line":14,"column":15},"end":{"line":21,"column":3}},"5":{"start":{"line":15,"column":17},"end":{"line":19,"column":6}},"6":{"start":{"line":20,"column":4},"end":{"line":20,"column":16}},"7":{"start":{"line":23,"column":21},"end":{"line":30,"column":3}},"8":{"start":{"line":24,"column":17},"end":{"line":28,"column":6}},"9":{"start":{"line":29,"column":4},"end":{"line":29,"column":16}},"10":{"start":{"line":31,"column":31},"end":{"line":41,"column":3}},"11":{"start":{"line":33,"column":21},"end":{"line":39,"column":6}},"12":{"start":{"line":40,"column":4},"end":{"line":40,"column":20}},"13":{"start":{"line":56,"column":18},"end":{"line":66,"column":1}},"14":{"start":{"line":57,"column":15},"end":{"line":64,"column":6}},"15":{"start":{"line":65,"column":8},"end":{"line":65,"column":20}},"16":{"start":{"line":69,"column":19},"end":{"line":77,"column":3}},"17":{"start":{"line":70,"column":17},"end":{"line":75,"column":6}},"18":{"start":{"line":76,"column":4},"end":{"line":76,"column":16}}},"fnMap":{"0":{"name":"(anonymous_0)","decl":{"start":{"line":5,"column":19},"end":{"line":5,"column":20}},"loc":{"start":{"line":5,"column":33},"end":{"line":12,"column":1}},"line":5},"1":{"name":"(anonymous_1)","decl":{"start":{"line":14,"column":15},"end":{"line":14,"column":16}},"loc":{"start":{"line":14,"column":29},"end":{"line":21,"column":3}},"line":14},"2":{"name":"(anonymous_2)","decl":{"start":{"line":23,"column":21},"end":{"line":23,"column":22}},"loc":{"start":{"line":23,"column":35},"end":{"line":30,"column":3}},"line":23},"3":{"name":"(anonymous_3)","decl":{"start":{"line":31,"column":31},"end":{"line":31,"column":32}},"loc":{"start":{"line":31,"column":61},"end":{"line":41,"column":3}},"line":31},"4":{"name":"(anonymous_4)","decl":{"start":{"line":56,"column":18},"end":{"line":56,"column":19}},"loc":{"start":{"line":56,"column":72},"end":{"line":66,"column":1}},"line":56},"5":{"name":"(anonymous_5)","decl":{"start":{"line":69,"column":19},"end":{"line":69,"column":20}},"loc":{"start":{"line":69,"column":43},"end":{"line":77,"column":3}},"line":69}},"branchMap":{},"s":{"0":2,"1":2,"2":4,"3":4,"4":2,"5":1,"6":1,"7":2,"8":1,"9":1,"10":2,"11":0,"12":0,"13":2,"14":4,"15":4,"16":2,"17":1,"18":1},"f":{"0":4,"1":1,"2":1,"3":0,"4":4,"5":1},"b":{},"_coverageSchema":"1a1c01bbd47fc00a2c39e90264f33305004495a9","hash":"940f0b09ac182c307790d9a6a71383bc9574de3c"}
,"C:\\Users\\Stefan\\Desktop\\testingHASH\\FINAL_PROJECT2\\src\\services\\userprofile.js": {"path":"C:\\Users\\Stefan\\Desktop\\testingHASH\\FINAL_PROJECT2\\src\\services\\userprofile.js","statementMap":{"0":{"start":{"line":2,"column":15},"end":{"line":2,"column":33}},"1":{"start":{"line":5,"column":26},"end":{"line":12,"column":1}},"2":{"start":{"line":6,"column":24},"end":{"line":10,"column":6}},"3":{"start":{"line":11,"column":4},"end":{"line":11,"column":23}},"4":{"start":{"line":15,"column":22},"end":{"line":22,"column":3}},"5":{"start":{"line":16,"column":24},"end":{"line":20,"column":6}},"6":{"start":{"line":21,"column":4},"end":{"line":21,"column":23}},"7":{"start":{"line":24,"column":31},"end":{"line":31,"column":3}},"8":{"start":{"line":25,"column":24},"end":{"line":29,"column":6}},"9":{"start":{"line":30,"column":4},"end":{"line":30,"column":23}},"10":{"start":{"line":37,"column":25},"end":{"line":53,"column":1}},"11":{"start":{"line":38,"column":22},"end":{"line":51,"column":6}},"12":{"start":{"line":52,"column":8},"end":{"line":52,"column":27}},"13":{"start":{"line":56,"column":26},"end":{"line":64,"column":3}},"14":{"start":{"line":57,"column":24},"end":{"line":62,"column":6}},"15":{"start":{"line":63,"column":4},"end":{"line":63,"column":23}}},"fnMap":{"0":{"name":"(anonymous_0)","decl":{"start":{"line":5,"column":26},"end":{"line":5,"column":27}},"loc":{"start":{"line":5,"column":40},"end":{"line":12,"column":1}},"line":5},"1":{"name":"(anonymous_1)","decl":{"start":{"line":15,"column":22},"end":{"line":15,"column":23}},"loc":{"start":{"line":15,"column":36},"end":{"line":22,"column":3}},"line":15},"2":{"name":"(anonymous_2)","decl":{"start":{"line":24,"column":31},"end":{"line":24,"column":32}},"loc":{"start":{"line":24,"column":48},"end":{"line":31,"column":3}},"line":24},"3":{"name":"(anonymous_3)","decl":{"start":{"line":37,"column":25},"end":{"line":37,"column":26}},"loc":{"start":{"line":37,"column":102},"end":{"line":53,"column":1}},"line":37},"4":{"name":"(anonymous_4)","decl":{"start":{"line":56,"column":26},"end":{"line":56,"column":27}},"loc":{"start":{"line":56,"column":57},"end":{"line":64,"column":3}},"line":56}},"branchMap":{},"s":{"0":4,"1":4,"2":7,"3":7,"4":4,"5":1,"6":1,"7":4,"8":1,"9":1,"10":4,"11":7,"12":7,"13":4,"14":1,"15":1},"f":{"0":7,"1":1,"2":1,"3":7,"4":1},"b":{},"_coverageSchema":"1a1c01bbd47fc00a2c39e90264f33305004495a9","hash":"453f06be43533b3598e225a4d21459bba8513aec"}
,"C:\\Users\\Stefan\\Desktop\\testingHASH\\FINAL_PROJECT2\\src\\services\\wishlist.js": {"path":"C:\\Users\\Stefan\\Desktop\\testingHASH\\FINAL_PROJECT2\\src\\services\\wishlist.js","statementMap":{"0":{"start":{"line":2,"column":15},"end":{"line":2,"column":33}},"1":{"start":{"line":5,"column":23},"end":{"line":12,"column":3}},"2":{"start":{"line":6,"column":21},"end":{"line":10,"column":6}},"3":{"start":{"line":11,"column":4},"end":{"line":11,"column":20}},"4":{"start":{"line":16,"column":19},"end":{"line":23,"column":3}},"5":{"start":{"line":17,"column":21},"end":{"line":21,"column":6}},"6":{"start":{"line":22,"column":4},"end":{"line":22,"column":20}},"7":{"start":{"line":25,"column":22},"end":{"line":34,"column":1}},"8":{"start":{"line":26,"column":19},"end":{"line":32,"column":6}},"9":{"start":{"line":33,"column":8},"end":{"line":33,"column":24}},"10":{"start":{"line":37,"column":23},"end":{"line":45,"column":3}},"11":{"start":{"line":38,"column":21},"end":{"line":43,"column":6}},"12":{"start":{"line":44,"column":4},"end":{"line":44,"column":20}},"13":{"start":{"line":48,"column":25},"end":{"line":55,"column":3}},"14":{"start":{"line":49,"column":21},"end":{"line":53,"column":6}},"15":{"start":{"line":54,"column":4},"end":{"line":54,"column":20}},"16":{"start":{"line":57,"column":34},"end":{"line":67,"column":3}},"17":{"start":{"line":59,"column":25},"end":{"line":65,"column":6}},"18":{"start":{"line":66,"column":4},"end":{"line":66,"column":24}}},"fnMap":{"0":{"name":"(anonymous_0)","decl":{"start":{"line":5,"column":23},"end":{"line":5,"column":24}},"loc":{"start":{"line":5,"column":37},"end":{"line":12,"column":3}},"line":5},"1":{"name":"(anonymous_1)","decl":{"start":{"line":16,"column":19},"end":{"line":16,"column":20}},"loc":{"start":{"line":16,"column":33},"end":{"line":23,"column":3}},"line":16},"2":{"name":"(anonymous_2)","decl":{"start":{"line":25,"column":22},"end":{"line":25,"column":23}},"loc":{"start":{"line":25,"column":74},"end":{"line":34,"column":1}},"line":25},"3":{"name":"(anonymous_3)","decl":{"start":{"line":37,"column":23},"end":{"line":37,"column":24}},"loc":{"start":{"line":37,"column":51},"end":{"line":45,"column":3}},"line":37},"4":{"name":"(anonymous_4)","decl":{"start":{"line":48,"column":25},"end":{"line":48,"column":26}},"loc":{"start":{"line":48,"column":39},"end":{"line":55,"column":3}},"line":48},"5":{"name":"(anonymous_5)","decl":{"start":{"line":57,"column":34},"end":{"line":57,"column":35}},"loc":{"start":{"line":57,"column":64},"end":{"line":67,"column":3}},"line":57}},"branchMap":{},"s":{"0":1,"1":1,"2":1,"3":1,"4":1,"5":1,"6":1,"7":1,"8":4,"9":4,"10":1,"11":1,"12":1,"13":1,"14":4,"15":4,"16":1,"17":0,"18":0},"f":{"0":1,"1":1,"2":4,"3":1,"4":4,"5":0},"b":{},"_coverageSchema":"1a1c01bbd47fc00a2c39e90264f33305004495a9","hash":"34c2bfa277b04bc8b4e349b990fd154cc1f7420a"}
}
