{"total": {"lines":{"total":89,"covered":64,"skipped":0,"pct":71.91},"statements":{"total":89,"covered":64,"skipped":0,"pct":71.91},"functions":{"total":18,"covered":14,"skipped":0,"pct":77.77},"branches":{"total":26,"covered":8,"skipped":0,"pct":30.76},"branchesTrue":{"total":0,"covered":0,"skipped":0,"pct":100}}
,"C:\\Users\\Stefan\\Desktop\\testingHASH\\FINAL_PROJECT2\\src\\controllers\\adress.js": {"lines":{"total":26,"covered":4,"skipped":0,"pct":15.38},"functions":{"total":4,"covered":0,"skipped":0,"pct":0},"statements":{"total":26,"covered":4,"skipped":0,"pct":15.38},"branches":{"total":16,"covered":0,"skipped":0,"pct":0}}
,"C:\\Users\\Stefan\\Desktop\\testingHASH\\FINAL_PROJECT2\\src\\middleware\\Adress_Middlewares\\accesWrongAdressMiddleware.js": {"lines":{"total":8,"covered":8,"skipped":0,"pct":100},"functions":{"total":1,"covered":1,"skipped":0,"pct":100},"statements":{"total":8,"covered":8,"skipped":0,"pct":100},"branches":{"total":2,"covered":2,"skipped":0,"pct":100}}
,"C:\\Users\\Stefan\\Desktop\\testingHASH\\FINAL_PROJECT2\\src\\middleware\\User_Profile_Middlewares\\accesWrongUserProfile.js": {"lines":{"total":8,"covered":7,"skipped":0,"pct":87.5},"functions":{"total":1,"covered":1,"skipped":0,"pct":100},"statements":{"total":8,"covered":7,"skipped":0,"pct":87.5},"branches":{"total":2,"covered":1,"skipped":0,"pct":50}}
,"C:\\Users\\Stefan\\Desktop\\testingHASH\\FINAL_PROJECT2\\src\\middleware\\User_Profile_Middlewares\\emailTakenMiddleware.js": {"lines":{"total":9,"covered":8,"skipped":0,"pct":88.88},"functions":{"total":1,"covered":1,"skipped":0,"pct":100},"statements":{"total":9,"covered":8,"skipped":0,"pct":88.88},"branches":{"total":2,"covered":1,"skipped":0,"pct":50}}
,"C:\\Users\\Stefan\\Desktop\\testingHASH\\FINAL_PROJECT2\\src\\middleware\\User_Profile_Middlewares\\mailsNotificationsMiddleware.js": {"lines":{"total":6,"covered":5,"skipped":0,"pct":83.33},"functions":{"total":1,"covered":1,"skipped":0,"pct":100},"statements":{"total":6,"covered":5,"skipped":0,"pct":83.33},"branches":{"total":4,"covered":4,"skipped":0,"pct":100}}
,"C:\\Users\\Stefan\\Desktop\\testingHASH\\FINAL_PROJECT2\\src\\services\\adress.js": {"lines":{"total":16,"covered":16,"skipped":0,"pct":100},"functions":{"total":5,"covered":5,"skipped":0,"pct":100},"statements":{"total":16,"covered":16,"skipped":0,"pct":100},"branches":{"total":0,"covered":0,"skipped":0,"pct":100}}
,"C:\\Users\\Stefan\\Desktop\\testingHASH\\FINAL_PROJECT2\\src\\services\\userprofile.js": {"lines":{"total":16,"covered":16,"skipped":0,"pct":100},"functions":{"total":5,"covered":5,"skipped":0,"pct":100},"statements":{"total":16,"covered":16,"skipped":0,"pct":100},"branches":{"total":0,"covered":0,"skipped":0,"pct":100}}
}
