{"C:\\Users\\Stefan\\Desktop\\testingHASH\\FINAL_PROJECT2\\src\\controllers\\adress.js": {"path":"C:\\Users\\Stefan\\Desktop\\testingHASH\\FINAL_PROJECT2\\src\\controllers\\adress.js","statementMap":{"0":{"start":{"line":3,"column":21},"end":{"line":10,"column":3}},"1":{"start":{"line":4,"column":4},"end":{"line":9,"column":5}},"2":{"start":{"line":5,"column":8},"end":{"line":5,"column":56}},"3":{"start":{"line":6,"column":8},"end":{"line":6,"column":35}},"4":{"start":{"line":8,"column":8},"end":{"line":8,"column":18}},"5":{"start":{"line":12,"column":21},"end":{"line":25,"column":1}},"6":{"start":{"line":13,"column":4},"end":{"line":21,"column":5}},"7":{"start":{"line":14,"column":25},"end":{"line":15,"column":43}},"8":{"start":{"line":17,"column":8},"end":{"line":17,"column":28}},"9":{"start":{"line":20,"column":8},"end":{"line":20,"column":18}},"10":{"start":{"line":28,"column":21},"end":{"line":51,"column":3}},"11":{"start":{"line":29,"column":4},"end":{"line":50,"column":5}},"12":{"start":{"line":31,"column":21},"end":{"line":31,"column":65}},"13":{"start":{"line":33,"column":6},"end":{"line":35,"column":7}},"14":{"start":{"line":34,"column":8},"end":{"line":34,"column":46}},"15":{"start":{"line":37,"column":23},"end":{"line":44,"column":8}},"16":{"start":{"line":46,"column":6},"end":{"line":46,"column":25}},"17":{"start":{"line":48,"column":6},"end":{"line":48,"column":51}},"18":{"start":{"line":49,"column":6},"end":{"line":49,"column":16}},"19":{"start":{"line":53,"column":25},"end":{"line":59,"column":3}},"20":{"start":{"line":54,"column":4},"end":{"line":58,"column":5}},"21":{"start":{"line":55,"column":8},"end":{"line":55,"column":70}},"22":{"start":{"line":57,"column":8},"end":{"line":57,"column":18}}},"fnMap":{"0":{"name":"(anonymous_0)","decl":{"start":{"line":3,"column":21},"end":{"line":3,"column":22}},"loc":{"start":{"line":3,"column":47},"end":{"line":10,"column":3}},"line":3},"1":{"name":"(anonymous_1)","decl":{"start":{"line":12,"column":21},"end":{"line":12,"column":22}},"loc":{"start":{"line":12,"column":45},"end":{"line":25,"column":1}},"line":12},"2":{"name":"(anonymous_2)","decl":{"start":{"line":28,"column":21},"end":{"line":28,"column":22}},"loc":{"start":{"line":28,"column":47},"end":{"line":51,"column":3}},"line":28},"3":{"name":"(anonymous_3)","decl":{"start":{"line":53,"column":25},"end":{"line":53,"column":26}},"loc":{"start":{"line":53,"column":51},"end":{"line":59,"column":3}},"line":53}},"branchMap":{"0":{"loc":{"start":{"line":33,"column":6},"end":{"line":35,"column":7}},"type":"if","locations":[{"start":{"line":33,"column":6},"end":{"line":35,"column":7}},{"start":{},"end":{}}],"line":33},"1":{"loc":{"start":{"line":38,"column":16},"end":{"line":38,"column":48}},"type":"binary-expr","locations":[{"start":{"line":38,"column":16},"end":{"line":38,"column":31}},{"start":{"line":38,"column":35},"end":{"line":38,"column":48}}],"line":38},"2":{"loc":{"start":{"line":39,"column":17},"end":{"line":39,"column":53}},"type":"binary-expr","locations":[{"start":{"line":39,"column":17},"end":{"line":39,"column":35}},{"start":{"line":39,"column":39},"end":{"line":39,"column":53}}],"line":39},"3":{"loc":{"start":{"line":40,"column":14},"end":{"line":40,"column":44}},"type":"binary-expr","locations":[{"start":{"line":40,"column":14},"end":{"line":40,"column":29}},{"start":{"line":40,"column":33},"end":{"line":40,"column":44}}],"line":40},"4":{"loc":{"start":{"line":41,"column":15},"end":{"line":41,"column":49}},"type":"binary-expr","locations":[{"start":{"line":41,"column":15},"end":{"line":41,"column":32}},{"start":{"line":41,"column":36},"end":{"line":41,"column":49}}],"line":41},"5":{"loc":{"start":{"line":42,"column":13},"end":{"line":42,"column":43}},"type":"binary-expr","locations":[{"start":{"line":42,"column":13},"end":{"line":42,"column":28}},{"start":{"line":42,"column":32},"end":{"line":42,"column":43}}],"line":42},"6":{"loc":{"start":{"line":43,"column":19},"end":{"line":43,"column":61}},"type":"binary-expr","locations":[{"start":{"line":43,"column":19},"end":{"line":43,"column":40}},{"start":{"line":43,"column":44},"end":{"line":43,"column":61}}],"line":43}},"s":{"0":1,"1":0,"2":0,"3":0,"4":0,"5":1,"6":0,"7":0,"8":0,"9":0,"10":1,"11":0,"12":0,"13":0,"14":0,"15":0,"16":0,"17":0,"18":0,"19":1,"20":0,"21":0,"22":0},"f":{"0":0,"1":0,"2":0,"3":0},"b":{"0":[0,0],"1":[0,0],"2":[0,0],"3":[0,0],"4":[0,0],"5":[0,0],"6":[0,0]},"_coverageSchema":"1a1c01bbd47fc00a2c39e90264f33305004495a9","hash":"103cd506f0512a2b5bd968842db1f064d68c82e4"}
,"C:\\Users\\Stefan\\Desktop\\testingHASH\\FINAL_PROJECT2\\src\\middleware\\Adress_Middlewares\\accesWrongAdressMiddleware.js": {"path":"C:\\Users\\Stefan\\Desktop\\testingHASH\\FINAL_PROJECT2\\src\\middleware\\Adress_Middlewares\\accesWrongAdressMiddleware.js","statementMap":{"0":{"start":{"line":2,"column":15},"end":{"line":2,"column":33}},"1":{"start":{"line":8,"column":34},"end":{"line":30,"column":5}},"2":{"start":{"line":9,"column":4},"end":{"line":28,"column":5}},"3":{"start":{"line":10,"column":19},"end":{"line":15,"column":6}},"4":{"start":{"line":17,"column":4},"end":{"line":23,"column":5}},"5":{"start":{"line":18,"column":7},"end":{"line":18,"column":14}},"6":{"start":{"line":21,"column":8},"end":{"line":21,"column":63}},"7":{"start":{"line":27,"column":7},"end":{"line":27,"column":58}}},"fnMap":{"0":{"name":"(anonymous_0)","decl":{"start":{"line":8,"column":34},"end":{"line":8,"column":35}},"loc":{"start":{"line":8,"column":61},"end":{"line":30,"column":5}},"line":8}},"branchMap":{"0":{"loc":{"start":{"line":17,"column":4},"end":{"line":23,"column":5}},"type":"if","locations":[{"start":{"line":17,"column":4},"end":{"line":23,"column":5}},{"start":{"line":20,"column":9},"end":{"line":23,"column":5}}],"line":17}},"s":{"0":1,"1":1,"2":2,"3":2,"4":2,"5":0,"6":0,"7":2},"f":{"0":2},"b":{"0":[0,0]},"_coverageSchema":"1a1c01bbd47fc00a2c39e90264f33305004495a9","hash":"53c7c23a5017e4ef1e7575dd17d08f7e653e6afd"}
,"C:\\Users\\Stefan\\Desktop\\testingHASH\\FINAL_PROJECT2\\src\\services\\adress.js": {"path":"C:\\Users\\Stefan\\Desktop\\testingHASH\\FINAL_PROJECT2\\src\\services\\adress.js","statementMap":{"0":{"start":{"line":2,"column":15},"end":{"line":2,"column":33}},"1":{"start":{"line":5,"column":17},"end":{"line":12,"column":3}},"2":{"start":{"line":6,"column":19},"end":{"line":10,"column":6}},"3":{"start":{"line":11,"column":4},"end":{"line":11,"column":18}},"4":{"start":{"line":15,"column":24},"end":{"line":22,"column":3}},"5":{"start":{"line":16,"column":19},"end":{"line":20,"column":6}},"6":{"start":{"line":21,"column":4},"end":{"line":21,"column":18}},"7":{"start":{"line":24,"column":20},"end":{"line":36,"column":1}},"8":{"start":{"line":25,"column":17},"end":{"line":34,"column":6}},"9":{"start":{"line":35,"column":8},"end":{"line":35,"column":22}},"10":{"start":{"line":40,"column":21},"end":{"line":48,"column":3}},"11":{"start":{"line":41,"column":19},"end":{"line":46,"column":6}},"12":{"start":{"line":47,"column":4},"end":{"line":47,"column":18}},"13":{"start":{"line":50,"column":23},"end":{"line":57,"column":3}},"14":{"start":{"line":51,"column":19},"end":{"line":55,"column":6}},"15":{"start":{"line":56,"column":4},"end":{"line":56,"column":18}}},"fnMap":{"0":{"name":"(anonymous_0)","decl":{"start":{"line":5,"column":17},"end":{"line":5,"column":18}},"loc":{"start":{"line":5,"column":31},"end":{"line":12,"column":3}},"line":5},"1":{"name":"(anonymous_1)","decl":{"start":{"line":15,"column":24},"end":{"line":15,"column":25}},"loc":{"start":{"line":15,"column":38},"end":{"line":22,"column":3}},"line":15},"2":{"name":"(anonymous_2)","decl":{"start":{"line":24,"column":20},"end":{"line":24,"column":21}},"loc":{"start":{"line":24,"column":78},"end":{"line":36,"column":1}},"line":24},"3":{"name":"(anonymous_3)","decl":{"start":{"line":40,"column":21},"end":{"line":40,"column":22}},"loc":{"start":{"line":40,"column":47},"end":{"line":48,"column":3}},"line":40},"4":{"name":"(anonymous_4)","decl":{"start":{"line":50,"column":23},"end":{"line":50,"column":24}},"loc":{"start":{"line":50,"column":37},"end":{"line":57,"column":3}},"line":50}},"branchMap":{},"s":{"0":1,"1":1,"2":0,"3":0,"4":1,"5":0,"6":0,"7":1,"8":0,"9":0,"10":1,"11":0,"12":0,"13":1,"14":0,"15":0},"f":{"0":0,"1":0,"2":0,"3":0,"4":0},"b":{},"_coverageSchema":"1a1c01bbd47fc00a2c39e90264f33305004495a9","hash":"d9b621cebc8d061c82b1c82949363f7d772f171a"}
}
