TN:
SF:src\controllers\adress.js
FN:3,(anonymous_0)
FN:12,(anonymous_1)
FN:28,(anonymous_2)
FN:53,(anonymous_3)
FNF:4
FNH:0
FNDA:0,(anonymous_0)
FNDA:0,(anonymous_1)
FNDA:0,(anonymous_2)
FNDA:0,(anonymous_3)
DA:3,1
DA:4,0
DA:5,0
DA:6,0
DA:8,0
DA:12,1
DA:13,0
DA:14,0
DA:17,0
DA:20,0
DA:28,1
DA:29,0
DA:31,0
DA:33,0
DA:34,0
DA:37,0
DA:46,0
DA:48,0
DA:49,0
DA:53,1
DA:54,0
DA:55,0
DA:57,0
LF:23
LH:4
BRDA:33,0,0,0
BRDA:33,0,1,0
BRDA:38,1,0,0
BRDA:38,1,1,0
BRDA:39,2,0,0
BRDA:39,2,1,0
BRDA:40,3,0,0
BRDA:40,3,1,0
BRDA:41,4,0,0
BRDA:41,4,1,0
BRDA:42,5,0,0
BRDA:42,5,1,0
BRDA:43,6,0,0
BRDA:43,6,1,0
BRF:14
BRH:0
end_of_record
TN:
SF:src\middleware\Adress_Middlewares\accesWrongAdressMiddleware.js
FN:8,(anonymous_0)
FNF:1
FNH:1
FNDA:2,(anonymous_0)
DA:2,1
DA:8,1
DA:9,2
DA:10,2
DA:17,2
DA:18,0
DA:21,0
DA:27,2
LF:8
LH:6
BRDA:17,0,0,0
BRDA:17,0,1,0
BRF:2
BRH:0
end_of_record
TN:
SF:src\services\adress.js
FN:5,(anonymous_0)
FN:15,(anonymous_1)
FN:24,(anonymous_2)
FN:40,(anonymous_3)
FN:50,(anonymous_4)
FNF:5
FNH:0
FNDA:0,(anonymous_0)
FNDA:0,(anonymous_1)
FNDA:0,(anonymous_2)
FNDA:0,(anonymous_3)
FNDA:0,(anonymous_4)
DA:2,1
DA:5,1
DA:6,0
DA:11,0
DA:15,1
DA:16,0
DA:21,0
DA:24,1
DA:25,0
DA:35,0
DA:40,1
DA:41,0
DA:47,0
DA:50,1
DA:51,0
DA:56,0
LF:16
LH:6
BRF:0
BRH:0
end_of_record
