TN:
SF:src\controllers\adress.js
FN:3,(anonymous_0)
FN:12,(anonymous_1)
FN:28,(anonymous_2)
FN:53,(anonymous_3)
FNF:4
FNH:0
FNDA:0,(anonymous_0)
FNDA:0,(anonymous_1)
FNDA:0,(anonymous_2)
FNDA:0,(anonymous_3)
DA:3,1
DA:4,0
DA:5,0
DA:6,0
DA:8,0
DA:12,1
DA:13,0
DA:14,0
DA:17,0
DA:20,0
DA:28,1
DA:29,0
DA:31,0
DA:33,0
DA:34,0
DA:37,0
DA:46,0
DA:48,0
DA:49,0
DA:53,1
DA:54,0
DA:55,0
DA:56,0
DA:57,0
DA:60,0
DA:63,0
LF:26
LH:4
BRDA:33,0,0,0
BRDA:33,0,1,0
BRDA:38,1,0,0
BRDA:38,1,1,0
BRDA:39,2,0,0
BRDA:39,2,1,0
BRDA:40,3,0,0
BRDA:40,3,1,0
BRDA:41,4,0,0
BRDA:41,4,1,0
BRDA:42,5,0,0
BRDA:42,5,1,0
BRDA:43,6,0,0
BRDA:43,6,1,0
BRDA:56,7,0,0
BRDA:56,7,1,0
BRF:16
BRH:0
end_of_record
TN:
SF:src\middleware\Adress_Middlewares\accesWrongAdressMiddleware.js
FN:8,(anonymous_0)
FNF:1
FNH:1
FNDA:3,(anonymous_0)
DA:2,1
DA:8,1
DA:9,3
DA:10,3
DA:17,3
DA:18,1
DA:21,1
DA:27,1
LF:8
LH:8
BRDA:17,0,0,1
BRDA:17,0,1,1
BRF:2
BRH:2
end_of_record
TN:
SF:src\middleware\User_Profile_Middlewares\accesWrongUserProfile.js
FN:5,(anonymous_0)
FNF:1
FNH:1
FNDA:2,(anonymous_0)
DA:2,3
DA:5,3
DA:6,2
DA:7,2
DA:15,2
DA:17,1
DA:21,0
DA:27,1
LF:8
LH:7
BRDA:15,0,0,1
BRDA:15,0,1,0
BRF:2
BRH:1
end_of_record
TN:
SF:src\middleware\User_Profile_Middlewares\emailTakenMiddleware.js
FN:5,(anonymous_0)
FNF:1
FNH:1
FNDA:2,(anonymous_0)
DA:2,2
DA:5,2
DA:6,2
DA:7,2
DA:15,2
DA:16,1
DA:19,0
DA:25,1
DA:26,1
LF:9
LH:8
BRDA:15,0,0,1
BRDA:15,0,1,0
BRF:2
BRH:1
end_of_record
TN:
SF:src\middleware\User_Profile_Middlewares\mailsNotificationsMiddleware.js
FN:5,(anonymous_0)
FNF:1
FNH:1
FNDA:2,(anonymous_0)
DA:5,1
DA:6,2
DA:7,2
DA:8,1
DA:11,1
DA:17,0
LF:6
LH:5
BRDA:7,0,0,1
BRDA:7,0,1,1
BRDA:7,1,0,2
BRDA:7,1,1,1
BRF:4
BRH:4
end_of_record
TN:
SF:src\services\adress.js
FN:5,(anonymous_0)
FN:15,(anonymous_1)
FN:24,(anonymous_2)
FN:40,(anonymous_3)
FN:50,(anonymous_4)
FNF:5
FNH:5
FNDA:2,(anonymous_0)
FNDA:1,(anonymous_1)
FNDA:7,(anonymous_2)
FNDA:1,(anonymous_3)
FNDA:7,(anonymous_4)
DA:2,4
DA:5,4
DA:6,2
DA:11,2
DA:15,4
DA:16,1
DA:21,1
DA:24,4
DA:25,7
DA:35,7
DA:40,4
DA:41,1
DA:47,1
DA:50,4
DA:51,7
DA:56,7
LF:16
LH:16
BRF:0
BRH:0
end_of_record
TN:
SF:src\services\item.js
FN:5,(anonymous_0)
FN:14,(anonymous_1)
FN:23,(anonymous_2)
FN:31,(anonymous_3)
FN:56,(anonymous_4)
FN:69,(anonymous_5)
FNF:6
FNH:5
FNDA:4,(anonymous_0)
FNDA:1,(anonymous_1)
FNDA:1,(anonymous_2)
FNDA:0,(anonymous_3)
FNDA:4,(anonymous_4)
FNDA:1,(anonymous_5)
DA:2,2
DA:5,2
DA:6,4
DA:11,4
DA:14,2
DA:15,1
DA:20,1
DA:23,2
DA:24,1
DA:29,1
DA:31,2
DA:33,0
DA:40,0
DA:56,2
DA:57,4
DA:65,4
DA:69,2
DA:70,1
DA:76,1
LF:19
LH:17
BRF:0
BRH:0
end_of_record
TN:
SF:src\services\userprofile.js
FN:5,(anonymous_0)
FN:15,(anonymous_1)
FN:24,(anonymous_2)
FN:37,(anonymous_3)
FN:56,(anonymous_4)
FNF:5
FNH:5
FNDA:7,(anonymous_0)
FNDA:1,(anonymous_1)
FNDA:1,(anonymous_2)
FNDA:7,(anonymous_3)
FNDA:1,(anonymous_4)
DA:2,4
DA:5,4
DA:6,7
DA:11,7
DA:15,4
DA:16,1
DA:21,1
DA:24,4
DA:25,1
DA:30,1
DA:37,4
DA:38,7
DA:52,7
DA:56,4
DA:57,1
DA:63,1
LF:16
LH:16
BRF:0
BRH:0
end_of_record
TN:
SF:src\services\wishlist.js
FN:5,(anonymous_0)
FN:16,(anonymous_1)
FN:25,(anonymous_2)
FN:37,(anonymous_3)
FN:48,(anonymous_4)
FN:57,(anonymous_5)
FNF:6
FNH:5
FNDA:1,(anonymous_0)
FNDA:1,(anonymous_1)
FNDA:4,(anonymous_2)
FNDA:1,(anonymous_3)
FNDA:4,(anonymous_4)
FNDA:0,(anonymous_5)
DA:2,1
DA:5,1
DA:6,1
DA:11,1
DA:16,1
DA:17,1
DA:22,1
DA:25,1
DA:26,4
DA:33,4
DA:37,1
DA:38,1
DA:44,1
DA:48,1
DA:49,4
DA:54,4
DA:57,1
DA:59,0
DA:66,0
LF:19
LH:17
BRF:0
BRH:0
end_of_record
